2026-07-17 09:37:00  [WARN ]  [ROBOT_ARM   ]  [ARM_CONNECT]       [-]                       lerobot unavailable — arm disabled (No module named 'lerobot')
2026-07-17 09:37:00  [INFO ]  [VLA         ]  [-]                 [-]                       VLA preflight: arm DISABLED (robot.enabled=false) — actions will drive the GUI gauges only, not a physical SO-101.
2026-07-17 09:37:00  [INFO ]  [VLA         ]  [-]                 [-]                       VlaInferenceWorker started
2026-07-17 09:37:42  [WARN ]  [ROBOT_ARM   ]  [ARM_CONNECT]       [-]                       lerobot unavailable — arm disabled (No module named 'lerobot')
2026-07-17 09:37:42  [INFO ]  [VLA         ]  [-]                 [-]                       VLA preflight: arm DISABLED (robot.enabled=false) — actions will drive the GUI gauges only, not a physical SO-101.
2026-07-17 09:37:42  [INFO ]  [VLA         ]  [-]                 [-]                       VlaInferenceWorker started
2026-07-17 09:37:43  [WARN ]  [ROBOT_ARM   ]  [ARM_CONNECT]       [-]                       lerobot unavailable — arm disabled (No module named 'lerobot')
2026-07-17 09:37:43  [INFO ]  [VLA         ]  [-]                 [-]                       VLA preflight: arm DISABLED (robot.enabled=false) — actions will drive the GUI gauges only, not a physical SO-101.
2026-07-17 09:37:43  [INFO ]  [VLA         ]  [-]                 [-]                       VlaInferenceWorker started
2026-07-17 09:38:05  [INFO ]  [GUI         ]  [PLAY]              [-]                       Base transport: Play
2026-07-17 09:38:05  [WARN ]  [GUI         ]  [-]                 [-]                       [DIAG][gesture] heartbeat START  gesture_enabled=True
2026-07-17 09:38:05  [WARN ]  [GUI         ]  [-]                 [-]                       [DIAG][gesture] heartbeat STOP  gesture_enabled=False  duration=0.0s
2026-07-17 09:38:20  [WARN ]  [ROBOT_ARM   ]  [ARM_CONNECT]       [-]                       lerobot unavailable — arm disabled (No module named 'lerobot')
2026-07-17 09:38:20  [INFO ]  [VLA         ]  [-]                 [-]                       VLA preflight: arm DISABLED (robot.enabled=false) — actions will drive the GUI gauges only, not a physical SO-101.
2026-07-17 09:38:20  [INFO ]  [VLA         ]  [-]                 [-]                       VlaInferenceWorker started
2026-07-17 09:38:25  [WARN ]  [ROBOT_ARM   ]  [ARM_CONNECT]       [-]                       lerobot unavailable — arm disabled (No module named 'lerobot')
2026-07-17 09:38:25  [INFO ]  [VLA         ]  [-]                 [-]                       VLA preflight: arm DISABLED (robot.enabled=false) — actions will drive the GUI gauges only, not a physical SO-101.
2026-07-17 09:38:25  [INFO ]  [VLA         ]  [-]                 [-]                       VlaInferenceWorker started
2026-07-17 09:38:25  [INFO ]  [VLA         ]  [INFER]             [-]                       VLA prompt deferred — camera off; auto-starting it before inference
2026-07-17 09:38:25  [INFO ]  [HOLOLINK    ]  [CAPTURE]           [-]                       camera configure requested (mode=0, cam1=0, cam2=0, fps=15)
2026-07-17 09:38:25  [ERROR]  [HOLOLINK    ]  [CAPTURE]           [CAMERA_CONFIG_FAIL]      camera configure failed: Pipeline error: No module named 'holoscan'
2026-07-17 09:38:25  [INFO ]  [HOLOLINK    ]  [CAPTURE]           [-]                       camera pipeline running (slot 0)
2026-07-17 09:38:30  [WARN ]  [ROBOT_ARM   ]  [ARM_CONNECT]       [-]                       lerobot unavailable — arm disabled (No module named 'lerobot')
2026-07-17 09:38:30  [INFO ]  [VLA         ]  [-]                 [-]                       VLA preflight: arm DISABLED (robot.enabled=false) — actions will drive the GUI gauges only, not a physical SO-101.
2026-07-17 09:38:30  [INFO ]  [VLA         ]  [-]                 [-]                       VlaInferenceWorker started
2026-07-17 09:38:30  [INFO ]  [VLA         ]  [PLAY]              [-]                       VLA transport: Play
2026-07-17 09:38:30  [INFO ]  [VLA         ]  [STOP]              [-]                       VLA transport: Stop
2026-07-17 09:39:28  [INFO ]  [GUI         ]  [PLAY]              [-]                       Base transport: Play
2026-07-17 09:39:28  [WARN ]  [GUI         ]  [-]                 [-]                       [DIAG][gesture] heartbeat START  gesture_enabled=True
2026-07-17 09:39:28  [WARN ]  [GUI         ]  [-]                 [-]                       [DIAG][gesture] heartbeat STOP  gesture_enabled=False  duration=0.0s
2026-07-17 09:39:30  [INFO ]  [GUI         ]  [PLAY]              [-]                       Base transport: Play
2026-07-17 09:39:30  [WARN ]  [GUI         ]  [-]                 [-]                       [DIAG][gesture] heartbeat START  gesture_enabled=True
2026-07-17 09:39:30  [INFO ]  [GUI         ]  [STOP]              [-]                       Base transport: Stop
2026-07-17 09:39:30  [WARN ]  [GUI         ]  [-]                 [-]                       [DIAG][gesture] heartbeat STOP  gesture_enabled=False  duration=0.0s
2026-07-17 09:39:35  [INFO ]  [GUI         ]  [PLAY]              [-]                       Base transport: Play
2026-07-17 09:39:35  [WARN ]  [GUI         ]  [-]                 [-]                       [DIAG][gesture] heartbeat START  gesture_enabled=True
2026-07-17 09:39:35  [WARN ]  [GUI         ]  [-]                 [-]                       [DIAG][gesture] heartbeat STOP  gesture_enabled=False  duration=0.0s
2026-07-17 09:39:37  [INFO ]  [GUI         ]  [PLAY]              [-]                       Base transport: Play
2026-07-17 09:39:37  [WARN ]  [GUI         ]  [-]                 [-]                       [DIAG][gesture] heartbeat START  gesture_enabled=True
2026-07-17 09:39:37  [INFO ]  [GUI         ]  [RESET]             [-]                       Base transport: Reset
2026-07-17 09:39:37  [WARN ]  [GUI         ]  [-]                 [-]                       [DIAG][gesture] heartbeat STOP  gesture_enabled=False  duration=0.0s
2026-07-17 09:39:42  [INFO ]  [GUI         ]  [PLAY]              [-]                       Base transport: Play
2026-07-17 09:39:42  [WARN ]  [GUI         ]  [-]                 [-]                       [DIAG][gesture] heartbeat START  gesture_enabled=True
2026-07-17 09:39:42  [WARN ]  [GUI         ]  [-]                 [-]                       [DIAG][gesture] heartbeat STOP  gesture_enabled=False  duration=0.0s
2026-07-17 09:39:44  [INFO ]  [GUI         ]  [PLAY]              [-]                       Base transport: Play
2026-07-17 09:39:44  [WARN ]  [GUI         ]  [-]                 [-]                       [DIAG][gesture] heartbeat START  gesture_enabled=True
2026-07-17 09:39:44  [WARN ]  [GUI         ]  [-]                 [-]                       [DIAG][gesture] heartbeat STOP  gesture_enabled=False  duration=0.0s
2026-07-17 09:39:49  [INFO ]  [GUI         ]  [PLAY]              [-]                       Base transport: Play
2026-07-17 09:39:49  [WARN ]  [GUI         ]  [-]                 [-]                       [DIAG][gesture] heartbeat START  gesture_enabled=True
2026-07-17 09:39:49  [WARN ]  [GUI         ]  [-]                 [-]                       [DIAG][gesture] heartbeat STOP  gesture_enabled=False  duration=0.0s
2026-07-17 09:39:51  [INFO ]  [GUI         ]  [PLAY]              [-]                       Base transport: Play
2026-07-17 09:39:51  [WARN ]  [GUI         ]  [-]                 [-]                       [DIAG][gesture] heartbeat START  gesture_enabled=True
2026-07-17 09:39:51  [WARN ]  [GUI         ]  [-]                 [-]                       [DIAG][gesture] heartbeat STOP  gesture_enabled=False  duration=0.0s
2026-07-17 09:40:03  [INFO ]  [GUI         ]  [PLAY]              [-]                       Base transport: Play
2026-07-17 09:40:03  [WARN ]  [GUI         ]  [-]                 [-]                       [DIAG][gesture] heartbeat START  gesture_enabled=True
2026-07-17 09:40:03  [WARN ]  [GUI         ]  [-]                 [-]                       [DIAG][gesture] heartbeat STOP  gesture_enabled=False  duration=0.0s
2026-07-17 09:40:05  [INFO ]  [MOTOR       ]  [JOINT_WRITE]       [-]                       motor reset node=0 motor=0
2026-07-17 09:40:10  [INFO ]  [GUI         ]  [PLAY]              [-]                       Base transport: Play
2026-07-17 09:40:10  [WARN ]  [GUI         ]  [-]                 [-]                       [DIAG][gesture] heartbeat START  gesture_enabled=True
2026-07-17 09:40:10  [WARN ]  [GUI         ]  [-]                 [-]                       [DIAG][gesture] heartbeat STOP  gesture_enabled=False  duration=0.0s
2026-07-17 09:40:12  [WARN ]  [MOTOR       ]  [JOINT_WRITE]       [-]                       motor E-STOP node=0 motor=0
2026-07-17 09:41:31  [WARN ]  [ROBOT_ARM   ]  [ARM_CONNECT]       [-]                       lerobot unavailable — arm disabled (No module named 'lerobot')
2026-07-17 09:41:31  [INFO ]  [VLA         ]  [-]                 [-]                       VLA preflight: arm DISABLED (robot.enabled=false) — actions will drive the GUI gauges only, not a physical SO-101.
2026-07-17 09:41:31  [INFO ]  [VLA         ]  [-]                 [-]                       VlaInferenceWorker started
2026-07-17 09:41:41  [WARN ]  [ROBOT_ARM   ]  [ARM_CONNECT]       [-]                       lerobot unavailable — arm disabled (No module named 'lerobot')
2026-07-17 09:41:41  [INFO ]  [VLA         ]  [-]                 [-]                       VLA preflight: arm DISABLED (robot.enabled=false) — actions will drive the GUI gauges only, not a physical SO-101.
2026-07-17 09:41:41  [INFO ]  [VLA         ]  [-]                 [-]                       VlaInferenceWorker started
2026-07-17 09:41:41  [INFO ]  [VLA         ]  [PLAY]              [-]                       VLA transport: Play
2026-07-17 09:41:41  [INFO ]  [VLA         ]  [STOP]              [-]                       VLA transport: Stop
2026-07-17 09:41:42  [WARN ]  [ROBOT_ARM   ]  [ARM_CONNECT]       [-]                       lerobot unavailable — arm disabled (No module named 'lerobot')
2026-07-17 09:41:42  [INFO ]  [VLA         ]  [-]                 [-]                       VLA preflight: arm DISABLED (robot.enabled=false) — actions will drive the GUI gauges only, not a physical SO-101.
2026-07-17 09:41:42  [INFO ]  [VLA         ]  [-]                 [-]                       VlaInferenceWorker started
2026-07-17 09:41:42  [INFO ]  [VLA         ]  [PLAY]              [-]                       VLA transport: Play
2026-07-17 09:41:42  [INFO ]  [VLA         ]  [INFER]             [-]                       VLA prompt deferred — camera off; auto-starting it before inference
2026-07-17 09:41:42  [INFO ]  [HOLOLINK    ]  [CAPTURE]           [-]                       camera configure requested (mode=0, cam1=0, cam2=0, fps=15)
2026-07-17 09:41:42  [WARN ]  [MOTOR       ]  [JOINT_WRITE]       [-]                       motor E-STOP node=0 motor=0
2026-07-17 09:41:42  [INFO ]  [HOLOLINK    ]  [CAPTURE]           [-]                       camera configure requested (mode=0, cam1=0, cam2=0, fps=15)
2026-07-17 09:42:00  [INFO ]  [GUI         ]  [PLAY]              [-]                       Base transport: Play
2026-07-17 09:42:00  [WARN ]  [GUI         ]  [-]                 [-]                       [DIAG][gesture] heartbeat START  gesture_enabled=True
2026-07-17 09:42:00  [WARN ]  [GUI         ]  [-]                 [-]                       [DIAG][gesture] heartbeat STOP  gesture_enabled=False  duration=0.0s
2026-07-17 09:42:02  [INFO ]  [GUI         ]  [PLAY]              [-]                       Base transport: Play
2026-07-17 09:42:02  [WARN ]  [GUI         ]  [-]                 [-]                       [DIAG][gesture] heartbeat START  gesture_enabled=True
2026-07-17 09:42:02  [INFO ]  [GUI         ]  [STOP]              [-]                       Base transport: Stop
2026-07-17 09:42:02  [WARN ]  [GUI         ]  [-]                 [-]                       [DIAG][gesture] heartbeat STOP  gesture_enabled=False  duration=0.0s
2026-07-17 09:42:03  [INFO ]  [GUI         ]  [PLAY]              [-]                       Base transport: Play
2026-07-17 09:42:03  [WARN ]  [GUI         ]  [-]                 [-]                       [DIAG][gesture] heartbeat START  gesture_enabled=True
2026-07-17 09:42:03  [INFO ]  [GUI         ]  [STOP]              [-]                       Base transport: Stop
2026-07-17 09:42:03  [WARN ]  [GUI         ]  [-]                 [-]                       [DIAG][gesture] heartbeat STOP  gesture_enabled=False  duration=0.0s
2026-07-17 09:42:03  [INFO ]  [GUI         ]  [PLAY]              [-]                       Base transport: Play
2026-07-17 09:42:03  [WARN ]  [GUI         ]  [-]                 [-]                       [DIAG][gesture] heartbeat START  gesture_enabled=True
2026-07-17 09:42:03  [WARN ]  [GUI         ]  [-]                 [-]                       [DIAG][gesture] heartbeat STOP  gesture_enabled=False  duration=0.0s
2026-07-17 09:42:12  [INFO ]  [MOTOR       ]  [JOINT_WRITE]       [-]                       motor START node=0 motor=0
2026-07-17 09:42:21  [INFO ]  [MOTOR       ]  [JOINT_WRITE]       [-]                       motor direction node=0 motor=0 dir=-1
2026-07-17 09:42:30  [INFO ]  [MOTOR       ]  [JOINT_WRITE]       [-]                       motor setpoint node=0 motor=0 rpm=250
2026-07-17 09:42:39  [INFO ]  [MOTOR       ]  [JOINT_WRITE]       [-]                       motor torque-limit node=0 motor=0 Nm=1.5
2026-07-17 09:42:48  [INFO ]  [MOTOR       ]  [JOINT_WRITE]       [-]                       motor mode node=0 motor=0 mode=speed
2026-07-17 09:42:56  [INFO ]  [HOLOLINK    ]  [CAPTURE]           [-]                       camera configure requested (mode=1, cam1=0, cam2=0, fps=15)
2026-07-17 09:42:56  [INFO ]  [HOLOLINK    ]  [CAPTURE]           [-]                       camera pipeline running (slot 0)
2026-07-17 09:42:56  [ERROR]  [HOLOLINK    ]  [CAPTURE]           [-]                       camera configure failed: Pipeline error: No module named 'holoscan'
2026-07-17 09:42:56  [INFO ]  [HOLOLINK    ]  [CAPTURE]           [-]                       camera pipeline running (slot 1)
2026-07-17 09:42:56  [INFO ]  [HOLOLINK    ]  [CAPTURE]           [-]                       camera pipeline closed (slot 1)
2026-07-17 09:43:05  [WARN ]  [GUI         ]  [-]                 [-]                       [DIAG][gesture] heartbeat STOP  gesture_enabled=False  duration=0.0s
2026-07-17 09:43:53  [INFO ]  [GUI         ]  [PLAY]              [-]                       Base transport: Play
2026-07-17 09:43:53  [WARN ]  [GUI         ]  [-]                 [-]                       [DIAG][gesture] heartbeat START  gesture_enabled=True
2026-07-17 09:43:53  [WARN ]  [GUI         ]  [-]                 [-]                       [DIAG][gesture] heartbeat STOP  gesture_enabled=False  duration=0.0s
2026-07-17 09:43:54  [WARN ]  [MOTOR       ]  [JOINT_WRITE]       [-]                       motor E-STOP node=0 motor=0
2026-07-17 09:43:56  [INFO ]  [MOTOR       ]  [JOINT_WRITE]       [-]                       motor direction node=0 motor=0 dir=-1
2026-07-17 09:43:56  [INFO ]  [MOTOR       ]  [JOINT_WRITE]       [-]                       motor mode node=0 motor=0 mode=speed
2026-07-17 09:43:56  [INFO ]  [MOTOR       ]  [JOINT_WRITE]       [-]                       motor target-rpm node=0 motor=0 rpm=250
2026-07-17 09:43:56  [WARN ]  [MOTOR       ]  [JOINT_WRITE]       [-]                       motor E-STOP node=0 motor=0
2026-07-17 09:44:05  [INFO ]  [MOTOR       ]  [JOINT_WRITE]       [-]                       motor START node=0 motor=0
2026-07-17 09:44:07  [INFO ]  [MOTOR       ]  [JOINT_WRITE]       [-]                       motor STOP node=0 motor=0
2026-07-17 09:44:16  [INFO ]  [MOTOR       ]  [JOINT_WRITE]       [-]                       motor mode node=0 motor=0 mode=speed
2026-07-17 09:44:17  [INFO ]  [MOTOR       ]  [JOINT_WRITE]       [-]                       motor mode node=0 motor=0 mode=position
2026-07-17 09:44:26  [INFO ]  [MOTOR       ]  [JOINT_WRITE]       [-]                       motor mode node=0 motor=0 mode=speed
2026-07-17 09:44:28  [INFO ]  [MOTOR       ]  [JOINT_WRITE]       [-]                       motor target-rpm node=0 motor=0 rpm=300
2026-07-17 09:44:37  [INFO ]  [MOTOR       ]  [JOINT_WRITE]       [-]                       motor mode node=0 motor=0 mode=speed
2026-07-17 09:44:38  [INFO ]  [MOTOR       ]  [JOINT_WRITE]       [-]                       motor full-rotation node=0 motor=0 turns=1.0
2026-07-17 09:44:47  [INFO ]  [MOTOR       ]  [JOINT_WRITE]       [-]                       motor mode node=0 motor=0 mode=speed
2026-07-17 09:44:49  [INFO ]  [MOTOR       ]  [JOINT_WRITE]       [-]                       motor iq-torque node=0 motor=0 Nm=1.5
2026-07-17 09:44:57  [INFO ]  [HOLOLINK    ]  [CAPTURE]           [-]                       camera configure requested (mode=1, cam1=0, cam2=0, fps=15)
2026-07-17 09:44:57  [INFO ]  [HOLOLINK    ]  [CAPTURE]           [-]                       camera pipeline running (slot 0)
2026-07-17 09:44:57  [ERROR]  [HOLOLINK    ]  [CAPTURE]           [-]                       camera configure failed: Pipeline error: No module named 'holoscan'
2026-07-17 09:44:57  [INFO ]  [HOLOLINK    ]  [CAPTURE]           [-]                       camera pipeline running (slot 1)
2026-07-17 09:44:57  [INFO ]  [HOLOLINK    ]  [CAPTURE]           [-]                       camera pipeline closed (slot 1)
2026-07-17 09:44:59  [INFO ]  [HOLOLINK    ]  [CAPTURE]           [-]                       camera configure requested (mode=0, cam1=999, cam2=999, fps=15)
2026-07-17 09:44:59  [INFO ]  [HOLOLINK    ]  [CAPTURE]           [-]                       camera pipeline running (slot 0)
2026-07-17 09:44:59  [ERROR]  [HOLOLINK    ]  [CAPTURE]           [-]                       camera configure failed: Pipeline error: No module named 'holoscan'
2026-07-17 09:55:02  [WARN ]  [ROBOT_ARM   ]  [ARM_CONNECT]       [-]                       lerobot unavailable — arm disabled (No module named 'lerobot')
2026-07-17 09:55:02  [INFO ]  [VLA         ]  [-]                 [-]                       VLA preflight: arm DISABLED (robot.enabled=false) — actions will drive the GUI gauges only, not a physical SO-101.
2026-07-17 09:55:02  [INFO ]  [VLA         ]  [-]                 [-]                       VlaInferenceWorker started
2026-07-17 09:55:38  [WARN ]  [ROBOT_ARM   ]  [ARM_CONNECT]       [-]                       lerobot unavailable — arm disabled (No module named 'lerobot')
2026-07-17 09:55:38  [INFO ]  [VLA         ]  [-]                 [-]                       VLA preflight: arm DISABLED (robot.enabled=false) — actions will drive the GUI gauges only, not a physical SO-101.
2026-07-17 09:55:38  [INFO ]  [VLA         ]  [-]                 [-]                       VlaInferenceWorker started
2026-07-17 09:55:39  [WARN ]  [ROBOT_ARM   ]  [ARM_CONNECT]       [-]                       lerobot unavailable — arm disabled (No module named 'lerobot')
2026-07-17 09:55:39  [INFO ]  [VLA         ]  [-]                 [-]                       VLA preflight: arm DISABLED (robot.enabled=false) — actions will drive the GUI gauges only, not a physical SO-101.
2026-07-17 09:55:39  [INFO ]  [VLA         ]  [-]                 [-]                       VlaInferenceWorker started
2026-07-17 09:56:00  [INFO ]  [GUI         ]  [PLAY]              [-]                       Base transport: Play
2026-07-17 09:56:00  [WARN ]  [GUI         ]  [-]                 [-]                       [DIAG][gesture] heartbeat START  gesture_enabled=True
2026-07-17 09:56:00  [WARN ]  [GUI         ]  [-]                 [-]                       [DIAG][gesture] heartbeat STOP  gesture_enabled=False  duration=0.0s
2026-07-17 09:56:15  [WARN ]  [ROBOT_ARM   ]  [ARM_CONNECT]       [-]                       lerobot unavailable — arm disabled (No module named 'lerobot')
2026-07-17 09:56:15  [INFO ]  [VLA         ]  [-]                 [-]                       VLA preflight: arm DISABLED (robot.enabled=false) — actions will drive the GUI gauges only, not a physical SO-101.
2026-07-17 09:56:15  [INFO ]  [VLA         ]  [-]                 [-]                       VlaInferenceWorker started
2026-07-17 09:56:20  [WARN ]  [ROBOT_ARM   ]  [ARM_CONNECT]       [-]                       lerobot unavailable — arm disabled (No module named 'lerobot')
2026-07-17 09:56:20  [INFO ]  [VLA         ]  [-]                 [-]                       VLA preflight: arm DISABLED (robot.enabled=false) — actions will drive the GUI gauges only, not a physical SO-101.
2026-07-17 09:56:20  [INFO ]  [VLA         ]  [-]                 [-]                       VlaInferenceWorker started
2026-07-17 09:56:20  [INFO ]  [VLA         ]  [INFER]             [-]                       VLA prompt deferred — camera off; auto-starting it before inference
2026-07-17 09:56:20  [INFO ]  [HOLOLINK    ]  [CAPTURE]           [-]                       camera configure requested (mode=0, cam1=0, cam2=0, fps=15)
2026-07-17 09:56:20  [INFO ]  [HOLOLINK    ]  [CAPTURE]           [-]                       camera pipeline running (slot 0)
2026-07-17 09:56:20  [ERROR]  [HOLOLINK    ]  [CAPTURE]           [CAMERA_CONFIG_FAIL]      camera configure failed: Pipeline error: No module named 'holoscan'
2026-07-17 09:56:26  [WARN ]  [ROBOT_ARM   ]  [ARM_CONNECT]       [-]                       lerobot unavailable — arm disabled (No module named 'lerobot')
2026-07-17 09:56:26  [INFO ]  [VLA         ]  [-]                 [-]                       VLA preflight: arm DISABLED (robot.enabled=false) — actions will drive the GUI gauges only, not a physical SO-101.
2026-07-17 09:56:26  [INFO ]  [VLA         ]  [-]                 [-]                       VlaInferenceWorker started
2026-07-17 09:56:26  [INFO ]  [VLA         ]  [PLAY]              [-]                       VLA transport: Play
2026-07-17 09:56:26  [INFO ]  [VLA         ]  [STOP]              [-]                       VLA transport: Stop
2026-07-17 09:57:21  [INFO ]  [GUI         ]  [PLAY]              [-]                       Base transport: Play
2026-07-17 09:57:21  [WARN ]  [GUI         ]  [-]                 [-]                       [DIAG][gesture] heartbeat START  gesture_enabled=True
2026-07-17 09:57:21  [WARN ]  [GUI         ]  [-]                 [-]                       [DIAG][gesture] heartbeat STOP  gesture_enabled=False  duration=0.0s
2026-07-17 09:57:23  [INFO ]  [GUI         ]  [PLAY]              [-]                       Base transport: Play
2026-07-17 09:57:23  [WARN ]  [GUI         ]  [-]                 [-]                       [DIAG][gesture] heartbeat START  gesture_enabled=True
2026-07-17 09:57:23  [INFO ]  [GUI         ]  [STOP]              [-]                       Base transport: Stop
2026-07-17 09:57:23  [WARN ]  [GUI         ]  [-]                 [-]                       [DIAG][gesture] heartbeat STOP  gesture_enabled=False  duration=0.0s
2026-07-17 09:57:28  [INFO ]  [GUI         ]  [PLAY]              [-]                       Base transport: Play
2026-07-17 09:57:28  [WARN ]  [GUI         ]  [-]                 [-]                       [DIAG][gesture] heartbeat START  gesture_enabled=True
2026-07-17 09:57:28  [WARN ]  [GUI         ]  [-]                 [-]                       [DIAG][gesture] heartbeat STOP  gesture_enabled=False  duration=0.0s
2026-07-17 09:57:30  [INFO ]  [GUI         ]  [PLAY]              [-]                       Base transport: Play
2026-07-17 09:57:30  [WARN ]  [GUI         ]  [-]                 [-]                       [DIAG][gesture] heartbeat START  gesture_enabled=True
2026-07-17 09:57:30  [INFO ]  [GUI         ]  [RESET]             [-]                       Base transport: Reset
2026-07-17 09:57:30  [WARN ]  [GUI         ]  [-]                 [-]                       [DIAG][gesture] heartbeat STOP  gesture_enabled=False  duration=0.0s
2026-07-17 09:57:35  [INFO ]  [GUI         ]  [PLAY]              [-]                       Base transport: Play
2026-07-17 09:57:35  [WARN ]  [GUI         ]  [-]                 [-]                       [DIAG][gesture] heartbeat START  gesture_enabled=True
2026-07-17 09:57:35  [WARN ]  [GUI         ]  [-]                 [-]                       [DIAG][gesture] heartbeat STOP  gesture_enabled=False  duration=0.0s
2026-07-17 09:57:36  [INFO ]  [GUI         ]  [PLAY]              [-]                       Base transport: Play
2026-07-17 09:57:36  [WARN ]  [GUI         ]  [-]                 [-]                       [DIAG][gesture] heartbeat START  gesture_enabled=True
2026-07-17 09:57:36  [WARN ]  [GUI         ]  [-]                 [-]                       [DIAG][gesture] heartbeat STOP  gesture_enabled=False  duration=0.0s
2026-07-17 09:57:42  [INFO ]  [GUI         ]  [PLAY]              [-]                       Base transport: Play
2026-07-17 09:57:42  [WARN ]  [GUI         ]  [-]                 [-]                       [DIAG][gesture] heartbeat START  gesture_enabled=True
2026-07-17 09:57:42  [WARN ]  [GUI         ]  [-]                 [-]                       [DIAG][gesture] heartbeat STOP  gesture_enabled=False  duration=0.0s
2026-07-17 09:57:43  [INFO ]  [GUI         ]  [PLAY]              [-]                       Base transport: Play
2026-07-17 09:57:43  [WARN ]  [GUI         ]  [-]                 [-]                       [DIAG][gesture] heartbeat START  gesture_enabled=True
2026-07-17 09:57:43  [WARN ]  [GUI         ]  [-]                 [-]                       [DIAG][gesture] heartbeat STOP  gesture_enabled=False  duration=0.0s
2026-07-17 09:57:55  [INFO ]  [GUI         ]  [PLAY]              [-]                       Base transport: Play
2026-07-17 09:57:55  [WARN ]  [GUI         ]  [-]                 [-]                       [DIAG][gesture] heartbeat START  gesture_enabled=True
2026-07-17 09:57:55  [WARN ]  [GUI         ]  [-]                 [-]                       [DIAG][gesture] heartbeat STOP  gesture_enabled=False  duration=0.0s
2026-07-17 09:57:57  [INFO ]  [MOTOR       ]  [JOINT_WRITE]       [-]                       motor reset node=0 motor=0
2026-07-17 09:58:02  [INFO ]  [GUI         ]  [PLAY]              [-]                       Base transport: Play
2026-07-17 09:58:02  [WARN ]  [GUI         ]  [-]                 [-]                       [DIAG][gesture] heartbeat START  gesture_enabled=True
2026-07-17 09:58:02  [WARN ]  [GUI         ]  [-]                 [-]                       [DIAG][gesture] heartbeat STOP  gesture_enabled=False  duration=0.0s
2026-07-17 09:58:03  [WARN ]  [MOTOR       ]  [JOINT_WRITE]       [-]                       motor E-STOP node=0 motor=0
2026-07-17 09:59:19  [WARN ]  [ROBOT_ARM   ]  [ARM_CONNECT]       [-]                       lerobot unavailable — arm disabled (No module named 'lerobot')
2026-07-17 09:59:19  [INFO ]  [VLA         ]  [-]                 [-]                       VLA preflight: arm DISABLED (robot.enabled=false) — actions will drive the GUI gauges only, not a physical SO-101.
2026-07-17 09:59:19  [INFO ]  [VLA         ]  [-]                 [-]                       VlaInferenceWorker started
2026-07-17 09:59:24  [WARN ]  [ROBOT_ARM   ]  [ARM_CONNECT]       [-]                       lerobot unavailable — arm disabled (No module named 'lerobot')
2026-07-17 09:59:24  [INFO ]  [VLA         ]  [-]                 [-]                       VLA preflight: arm DISABLED (robot.enabled=false) — actions will drive the GUI gauges only, not a physical SO-101.
2026-07-17 09:59:24  [INFO ]  [VLA         ]  [-]                 [-]                       VlaInferenceWorker started
2026-07-17 09:59:24  [INFO ]  [VLA         ]  [PLAY]              [-]                       VLA transport: Play
2026-07-17 09:59:24  [INFO ]  [VLA         ]  [STOP]              [-]                       VLA transport: Stop
2026-07-17 09:59:26  [WARN ]  [ROBOT_ARM   ]  [ARM_CONNECT]       [-]                       lerobot unavailable — arm disabled (No module named 'lerobot')
2026-07-17 09:59:26  [INFO ]  [VLA         ]  [-]                 [-]                       VLA preflight: arm DISABLED (robot.enabled=false) — actions will drive the GUI gauges only, not a physical SO-101.
2026-07-17 09:59:26  [INFO ]  [VLA         ]  [-]                 [-]                       VlaInferenceWorker started
2026-07-17 09:59:26  [INFO ]  [VLA         ]  [PLAY]              [-]                       VLA transport: Play
2026-07-17 09:59:26  [INFO ]  [VLA         ]  [INFER]             [-]                       VLA prompt deferred — camera off; auto-starting it before inference
2026-07-17 09:59:26  [INFO ]  [HOLOLINK    ]  [CAPTURE]           [-]                       camera configure requested (mode=0, cam1=0, cam2=0, fps=15)
2026-07-17 09:59:26  [WARN ]  [MOTOR       ]  [JOINT_WRITE]       [-]                       motor E-STOP node=0 motor=0
2026-07-17 09:59:26  [INFO ]  [HOLOLINK    ]  [CAPTURE]           [-]                       camera configure requested (mode=0, cam1=0, cam2=0, fps=15)
2026-07-17 09:59:43  [INFO ]  [GUI         ]  [PLAY]              [-]                       Base transport: Play
2026-07-17 09:59:43  [WARN ]  [GUI         ]  [-]                 [-]                       [DIAG][gesture] heartbeat START  gesture_enabled=True
2026-07-17 09:59:43  [WARN ]  [GUI         ]  [-]                 [-]                       [DIAG][gesture] heartbeat STOP  gesture_enabled=False  duration=0.0s
2026-07-17 09:59:44  [INFO ]  [GUI         ]  [PLAY]              [-]                       Base transport: Play
2026-07-17 09:59:44  [WARN ]  [GUI         ]  [-]                 [-]                       [DIAG][gesture] heartbeat START  gesture_enabled=True
2026-07-17 09:59:44  [INFO ]  [GUI         ]  [STOP]              [-]                       Base transport: Stop
2026-07-17 09:59:44  [WARN ]  [GUI         ]  [-]                 [-]                       [DIAG][gesture] heartbeat STOP  gesture_enabled=False  duration=0.0s
2026-07-17 09:59:46  [INFO ]  [GUI         ]  [PLAY]              [-]                       Base transport: Play
2026-07-17 09:59:46  [WARN ]  [GUI         ]  [-]                 [-]                       [DIAG][gesture] heartbeat START  gesture_enabled=True
2026-07-17 09:59:46  [INFO ]  [GUI         ]  [STOP]              [-]                       Base transport: Stop
2026-07-17 09:59:46  [WARN ]  [GUI         ]  [-]                 [-]                       [DIAG][gesture] heartbeat STOP  gesture_enabled=False  duration=0.0s
2026-07-17 09:59:46  [INFO ]  [GUI         ]  [PLAY]              [-]                       Base transport: Play
2026-07-17 09:59:46  [WARN ]  [GUI         ]  [-]                 [-]                       [DIAG][gesture] heartbeat START  gesture_enabled=True
2026-07-17 09:59:46  [WARN ]  [GUI         ]  [-]                 [-]                       [DIAG][gesture] heartbeat STOP  gesture_enabled=False  duration=0.0s
2026-07-17 09:59:55  [INFO ]  [MOTOR       ]  [JOINT_WRITE]       [-]                       motor START node=0 motor=0
2026-07-17 10:00:03  [INFO ]  [MOTOR       ]  [JOINT_WRITE]       [-]                       motor direction node=0 motor=0 dir=-1
2026-07-17 10:00:12  [INFO ]  [MOTOR       ]  [JOINT_WRITE]       [-]                       motor setpoint node=0 motor=0 rpm=250
2026-07-17 10:00:21  [INFO ]  [MOTOR       ]  [JOINT_WRITE]       [-]                       motor torque-limit node=0 motor=0 Nm=1.5
2026-07-17 10:00:29  [INFO ]  [MOTOR       ]  [JOINT_WRITE]       [-]                       motor mode node=0 motor=0 mode=speed
2026-07-17 10:00:38  [INFO ]  [HOLOLINK    ]  [CAPTURE]           [-]                       camera configure requested (mode=1, cam1=0, cam2=0, fps=15)
2026-07-17 10:00:38  [INFO ]  [HOLOLINK    ]  [CAPTURE]           [-]                       camera pipeline running (slot 0)
2026-07-17 10:00:38  [ERROR]  [HOLOLINK    ]  [CAPTURE]           [-]                       camera configure failed: Pipeline error: No module named 'holoscan'
2026-07-17 10:00:38  [INFO ]  [HOLOLINK    ]  [CAPTURE]           [-]                       camera pipeline running (slot 1)
2026-07-17 10:00:38  [INFO ]  [HOLOLINK    ]  [CAPTURE]           [-]                       camera pipeline closed (slot 1)
2026-07-17 10:00:46  [WARN ]  [GUI         ]  [-]                 [-]                       [DIAG][gesture] heartbeat STOP  gesture_enabled=False  duration=0.0s
2026-07-17 10:01:33  [INFO ]  [GUI         ]  [PLAY]              [-]                       Base transport: Play
2026-07-17 10:01:33  [WARN ]  [GUI         ]  [-]                 [-]                       [DIAG][gesture] heartbeat START  gesture_enabled=True
2026-07-17 10:01:33  [WARN ]  [GUI         ]  [-]                 [-]                       [DIAG][gesture] heartbeat STOP  gesture_enabled=False  duration=0.0s
2026-07-17 10:01:34  [WARN ]  [MOTOR       ]  [JOINT_WRITE]       [-]                       motor E-STOP node=0 motor=0
2026-07-17 10:01:36  [INFO ]  [MOTOR       ]  [JOINT_WRITE]       [-]                       motor direction node=0 motor=0 dir=-1
2026-07-17 10:01:36  [INFO ]  [MOTOR       ]  [JOINT_WRITE]       [-]                       motor mode node=0 motor=0 mode=speed
2026-07-17 10:01:36  [INFO ]  [MOTOR       ]  [JOINT_WRITE]       [-]                       motor target-rpm node=0 motor=0 rpm=250
2026-07-17 10:01:36  [WARN ]  [MOTOR       ]  [JOINT_WRITE]       [-]                       motor E-STOP node=0 motor=0
2026-07-17 10:01:45  [INFO ]  [MOTOR       ]  [JOINT_WRITE]       [-]                       motor START node=0 motor=0
2026-07-17 10:01:47  [INFO ]  [MOTOR       ]  [JOINT_WRITE]       [-]                       motor STOP node=0 motor=0
2026-07-17 10:01:55  [INFO ]  [MOTOR       ]  [JOINT_WRITE]       [-]                       motor mode node=0 motor=0 mode=speed
2026-07-17 10:01:57  [INFO ]  [MOTOR       ]  [JOINT_WRITE]       [-]                       motor mode node=0 motor=0 mode=position
2026-07-17 10:02:05  [INFO ]  [MOTOR       ]  [JOINT_WRITE]       [-]                       motor mode node=0 motor=0 mode=speed
2026-07-17 10:02:07  [INFO ]  [MOTOR       ]  [JOINT_WRITE]       [-]                       motor target-rpm node=0 motor=0 rpm=300
2026-07-17 10:02:16  [INFO ]  [MOTOR       ]  [JOINT_WRITE]       [-]                       motor mode node=0 motor=0 mode=speed
2026-07-17 10:02:17  [INFO ]  [MOTOR       ]  [JOINT_WRITE]       [-]                       motor full-rotation node=0 motor=0 turns=1.0
2026-07-17 10:02:26  [INFO ]  [MOTOR       ]  [JOINT_WRITE]       [-]                       motor mode node=0 motor=0 mode=speed
2026-07-17 10:02:28  [INFO ]  [MOTOR       ]  [JOINT_WRITE]       [-]                       motor iq-torque node=0 motor=0 Nm=1.5
